#
# There is insufficient memory for the Java Runtime Environment to continue.
# Native memory allocation (malloc) failed to allocate 438608 bytes for Chunk::new
# Possible reasons:
#   The system is out of physical RAM or swap space
#   In 32 bit mode, the process size limit was hit
# Possible solutions:
#   Reduce memory load on the system
#   Increase physical memory or swap space
#   Check if swap backing store is full
#   Use 64 bit Java on a 64 bit OS
#   Decrease Java heap size (-Xmx/-Xms)
#   Decrease number of Java threads
#   Decrease Java thread stack sizes (-Xss)
#   Set larger code cache with -XX:ReservedCodeCacheSize=
# This output file may be truncated or incomplete.
#
#  Out of Memory Error (allocation.cpp:390), pid=133680, tid=0x0000000000020aac
#
# JRE version: OpenJDK Runtime Environment (8.0_112-b06) (build 1.8.0_112-release-b06)
# Java VM: OpenJDK 64-Bit Server VM (25.112-b06 mixed mode windows-amd64 compressed oops)
# Failed to write core dump. Minidumps are not enabled by default on client versions of Windows
#

---------------  T H R E A D  ---------------

Current thread (0x0000000018e09800):  JavaThread "C2 CompilerThread1" daemon [_thread_in_native, id=133804, stack(0x00000000197e0000,0x00000000198e0000)]

Stack: [0x00000000197e0000,0x00000000198e0000]
[error occurred during error reporting (printing stack bounds), id 0xc0000005]

Native frames: (J=compiled Java code, j=interpreted, Vv=VM code, C=native code)


Current CompileTask:
C2:1062203 12948   !   4       com.sun.tools.javac.code.Types$MembersClosureCache::visitClassType (216 bytes)


---------------  P R O C E S S  ---------------

Java Threads: ( => current thread )
  0x000000001a36f800 JavaThread "pool-12-thread-1" [_thread_blocked, id=137784, stack(0x0000000028190000,0x0000000028290000)]
  0x000000001a362000 JavaThread "Cache update executor" [_thread_blocked, id=137188, stack(0x0000000028090000,0x0000000028190000)]
  0x000000001a369000 JavaThread "Stdin handler" [_thread_blocked, id=136176, stack(0x0000000027f90000,0x0000000028090000)]
  0x000000001a363800 JavaThread "Asynchronous log dispatcher for DefaultDaemonConnection: socket connection from /127.0.0.1:57466 to /127.0.0.1:58923" [_thread_blocked, id=138100, stack(0x0000000027e90000,0x0000000027f90000)]
  0x000000001a365000 JavaThread "Daemon worker Thread 3" [_thread_in_native, id=136168, stack(0x0000000027d90000,0x0000000027e90000)]
  0x000000001a366000 JavaThread "Cancel handler" [_thread_blocked, id=137820, stack(0x0000000027c90000,0x0000000027d90000)]
  0x000000001a362800 JavaThread "Handler for socket connection from /127.0.0.1:57466 to /127.0.0.1:58923" [_thread_in_native, id=138084, stack(0x0000000027b90000,0x0000000027c90000)]
  0x000000001a368000 JavaThread "Daemon Thread 3" [_thread_blocked, id=137508, stack(0x0000000027a90000,0x0000000027b90000)]
  0x000000001a367800 JavaThread "pool-6-thread-1" [_thread_blocked, id=135360, stack(0x0000000026990000,0x0000000026a90000)]
  0x000000001b498000 JavaThread "File lock request listener" [_thread_in_native, id=134084, stack(0x000000001daa0000,0x000000001dba0000)]
  0x000000001af54000 JavaThread "pool-1-thread-1" [_thread_blocked, id=133976, stack(0x000000001c0d0000,0x000000001c1d0000)]
  0x000000001ad06800 JavaThread "Incoming local TCP Connector on port 57466" [_thread_in_native, id=133868, stack(0x000000001b4b0000,0x000000001b5b0000)]
  0x0000000018e84800 JavaThread "Service Thread" daemon [_thread_blocked, id=133828, stack(0x0000000019ae0000,0x0000000019be0000)]
  0x0000000018e12800 JavaThread "C1 CompilerThread3" daemon [_thread_blocked, id=133900, stack(0x00000000199e0000,0x0000000019ae0000)]
  0x0000000018e0d800 JavaThread "C2 CompilerThread2" daemon [_thread_blocked, id=133888, stack(0x00000000198e0000,0x00000000199e0000)]
=>0x0000000018e09800 JavaThread "C2 CompilerThread1" daemon [_thread_in_native, id=133804, stack(0x00000000197e0000,0x00000000198e0000)]
  0x0000000018e07800 JavaThread "C2 CompilerThread0" daemon [_thread_in_native, id=133796, stack(0x00000000196e0000,0x00000000197e0000)]
  0x0000000018e05000 JavaThread "Attach Listener" daemon [_thread_blocked, id=133808, stack(0x00000000195e0000,0x00000000196e0000)]
  0x0000000018e02000 JavaThread "Signal Dispatcher" daemon [_thread_blocked, id=133872, stack(0x00000000194e0000,0x00000000195e0000)]
  0x0000000018e00800 JavaThread "Finalizer" daemon [_thread_blocked, id=133668, stack(0x00000000191e0000,0x00000000192e0000)]
  0x0000000016efb800 JavaThread "Reference Handler" daemon [_thread_blocked, id=133672, stack(0x0000000018ce0000,0x0000000018de0000)]
  0x0000000003041000 JavaThread "main" [_thread_blocked, id=133696, stack(0x0000000002f40000,0x0000000003040000)]

Other Threads:
  0x0000000016ef5800 VMThread [stack: 0x0000000018be0000,0x0000000018ce0000] [id=133664]
  0x0000000018e85000 WatcherThread [stack: 0x0000000019be0000,0x0000000019ce0000] [id=133816]

VM state:not at safepoint (normal execution)

VM Mutex/Monitor currently owned by a thread: None

Heap:
 PSYoungGen      total 380416K, used 260422K [0x00000000e0000000, 0x00000000fa300000, 0x0000000100000000)
  eden space 349184K, 65% used [0x00000000e0000000,0x00000000edfd31d0,0x00000000f5500000)
  from space 31232K, 99% used [0x00000000f8480000,0x00000000fa2fe6c0,0x00000000fa300000)
  to   space 37376K, 0% used [0x00000000f5a00000,0x00000000f5a00000,0x00000000f7e80000)
 ParOldGen       total 128512K, used 52446K [0x00000000a0000000, 0x00000000a7d80000, 0x00000000e0000000)
  object space 128512K, 40% used [0x00000000a0000000,0x00000000a33379e0,0x00000000a7d80000)
 Metaspace       used 70361K, capacity 73378K, committed 73600K, reserved 1114112K
  class space    used 9212K, capacity 9798K, committed 9856K, reserved 1048576K

Card table byte_map: [0x0000000012500000,0x0000000012810000] byte_map_base: 0x0000000012000000

Marking Bits: (ParMarkBitMap*) 0x000000005c9418f0
 Begin Bits: [0x0000000013210000, 0x0000000014a10000)
 End Bits:   [0x0000000014a10000, 0x0000000016210000)

Polling page: 0x0000000001200000

CodeCache: size=245760Kb used=37877Kb max_used=37877Kb free=207882Kb
 bounds [0x0000000003140000, 0x0000000005670000, 0x0000000012140000]
 total_blobs=11731 nmethods=10939 adapters=704
 compilation: enabled

Compilation events (10 events):
Event: 1062.007 Thread 0x0000000018e0d800 nmethod 12977 0x00000000056500d0 code [0x0000000005650220, 0x00000000056502e8]
Event: 1062.007 Thread 0x0000000018e0d800 13007       4       com.sun.tools.javac.comp.Lower::translate (47 bytes)
Event: 1062.009 Thread 0x0000000018e12800 nmethod 13019 0x000000000565bc50 code [0x000000000565c240, 0x000000000565fbb8]
Event: 1062.009 Thread 0x0000000018e12800 13020       3       com.sun.tools.javac.jvm.ClassWriter::writeFlagAttrs (246 bytes)
Event: 1062.009 Thread 0x0000000018e0d800 nmethod 13007 0x0000000005657250 code [0x00000000056573a0, 0x00000000056574f8]
Event: 1062.009 Thread 0x0000000018e0d800 12978       4       com.sun.tools.javac.comp.AttrContext::dup (9 bytes)
Event: 1062.010 Thread 0x0000000018e12800 nmethod 13020 0x0000000005661e90 code [0x00000000056622a0, 0x0000000005663e08]
Event: 1062.010 Thread 0x0000000018e12800 13022       3       com.sun.tools.javac.jvm.ClassWriter::writeField (211 bytes)
Event: 1062.010 Thread 0x0000000018e0d800 nmethod 12978 0x0000000005656f10 code [0x0000000005657060, 0x00000000056571b8]
Event: 1062.012 Thread 0x0000000018e12800 nmethod 13022 0x0000000005664f10 code [0x0000000005665520, 0x0000000005669158]

GC Heap History (10 events):
Event: 10.806 GC heap before
{Heap before GC invocations=9 (full 2):
 PSYoungGen      total 204288K, used 193024K [0x00000000e0000000, 0x00000000eda80000, 0x0000000100000000)
  eden space 193024K, 100% used [0x00000000e0000000,0x00000000ebc80000,0x00000000ebc80000)
  from space 11264K, 0% used [0x00000000ecf80000,0x00000000ecf80000,0x00000000eda80000)
  to   space 14336K, 0% used [0x00000000ebe80000,0x00000000ebe80000,0x00000000ecc80000)
 ParOldGen       total 77312K, used 17708K [0x00000000a0000000, 0x00000000a4b80000, 0x00000000e0000000)
  object space 77312K, 22% used [0x00000000a0000000,0x00000000a114b3c0,0x00000000a4b80000)
 Metaspace       used 46740K, capacity 48112K, committed 48384K, reserved 1091584K
  class space    used 6346K, capacity 6639K, committed 6656K, reserved 1048576K
Event: 10.826 GC heap after
Heap after GC invocations=9 (full 2):
 PSYoungGen      total 209408K, used 14332K [0x00000000e0000000, 0x00000000f4200000, 0x0000000100000000)
  eden space 195072K, 0% used [0x00000000e0000000,0x00000000e0000000,0x00000000ebe80000)
  from space 14336K, 99% used [0x00000000ebe80000,0x00000000ecc7f3d8,0x00000000ecc80000)
  to   space 18944K, 0% used [0x00000000f2f80000,0x00000000f2f80000,0x00000000f4200000)
 ParOldGen       total 77312K, used 22144K [0x00000000a0000000, 0x00000000a4b80000, 0x00000000e0000000)
  object space 77312K, 28% used [0x00000000a0000000,0x00000000a15a0038,0x00000000a4b80000)
 Metaspace       used 46740K, capacity 48112K, committed 48384K, reserved 1091584K
  class space    used 6346K, capacity 6639K, committed 6656K, reserved 1048576K
}
Event: 14.894 GC heap before
{Heap before GC invocations=10 (full 2):
 PSYoungGen      total 209408K, used 209404K [0x00000000e0000000, 0x00000000f4200000, 0x0000000100000000)
  eden space 195072K, 100% used [0x00000000e0000000,0x00000000ebe80000,0x00000000ebe80000)
  from space 14336K, 99% used [0x00000000ebe80000,0x00000000ecc7f3d8,0x00000000ecc80000)
  to   space 18944K, 0% used [0x00000000f2f80000,0x00000000f2f80000,0x00000000f4200000)
 ParOldGen       total 77312K, used 22144K [0x00000000a0000000, 0x00000000a4b80000, 0x00000000e0000000)
  object space 77312K, 28% used [0x00000000a0000000,0x00000000a15a0038,0x00000000a4b80000)
 Metaspace       used 53403K, capacity 55696K, committed 55936K, reserved 1097728K
  class space    used 7287K, capacity 7760K, committed 7808K, reserved 1048576K
Event: 14.973 GC heap after
Heap after GC invocations=10 (full 2):
 PSYoungGen      total 302080K, used 18928K [0x00000000e0000000, 0x00000000f5780000, 0x0000000100000000)
  eden space 283136K, 0% used [0x00000000e0000000,0x00000000e0000000,0x00000000f1480000)
  from space 18944K, 99% used [0x00000000f2f80000,0x00000000f41fc030,0x00000000f4200000)
  to   space 27648K, 0% used [0x00000000f1480000,0x00000000f1480000,0x00000000f2f80000)
 ParOldGen       total 77312K, used 35659K [0x00000000a0000000, 0x00000000a4b80000, 0x00000000e0000000)
  object space 77312K, 46% used [0x00000000a0000000,0x00000000a22d2d50,0x00000000a4b80000)
 Metaspace       used 53403K, capacity 55696K, committed 55936K, reserved 1097728K
  class space    used 7287K, capacity 7760K, committed 7808K, reserved 1048576K
}
Event: 16.310 GC heap before
{Heap before GC invocations=11 (full 2):
 PSYoungGen      total 302080K, used 99379K [0x00000000e0000000, 0x00000000f5780000, 0x0000000100000000)
  eden space 283136K, 28% used [0x00000000e0000000,0x00000000e4e90c40,0x00000000f1480000)
  from space 18944K, 99% used [0x00000000f2f80000,0x00000000f41fc030,0x00000000f4200000)
  to   space 27648K, 0% used [0x00000000f1480000,0x00000000f1480000,0x00000000f2f80000)
 ParOldGen       total 77312K, used 35659K [0x00000000a0000000, 0x00000000a4b80000, 0x00000000e0000000)
  object space 77312K, 46% used [0x00000000a0000000,0x00000000a22d2d50,0x00000000a4b80000)
 Metaspace       used 56692K, capacity 58960K, committed 59136K, reserved 1099776K
  class space    used 7687K, capacity 8180K, committed 8192K, reserved 1048576K
Event: 16.324 GC heap after
Heap after GC invocations=11 (full 2):
 PSYoungGen      total 310784K, used 25503K [0x00000000e0000000, 0x00000000fa300000, 0x0000000100000000)
  eden space 283136K, 0% used [0x00000000e0000000,0x00000000e0000000,0x00000000f1480000)
  from space 27648K, 92% used [0x00000000f1480000,0x00000000f2d67c88,0x00000000f2f80000)
  to   space 31232K, 0% used [0x00000000f8480000,0x00000000f8480000,0x00000000fa300000)
 ParOldGen       total 77312K, used 35667K [0x00000000a0000000, 0x00000000a4b80000, 0x00000000e0000000)
  object space 77312K, 46% used [0x00000000a0000000,0x00000000a22d4d50,0x00000000a4b80000)
 Metaspace       used 56692K, capacity 58960K, committed 59136K, reserved 1099776K
  class space    used 7687K, capacity 8180K, committed 8192K, reserved 1048576K
}
Event: 16.324 GC heap before
{Heap before GC invocations=12 (full 3):
 PSYoungGen      total 310784K, used 25503K [0x00000000e0000000, 0x00000000fa300000, 0x0000000100000000)
  eden space 283136K, 0% used [0x00000000e0000000,0x00000000e0000000,0x00000000f1480000)
  from space 27648K, 92% used [0x00000000f1480000,0x00000000f2d67c88,0x00000000f2f80000)
  to   space 31232K, 0% used [0x00000000f8480000,0x00000000f8480000,0x00000000fa300000)
 ParOldGen       total 77312K, used 35667K [0x00000000a0000000, 0x00000000a4b80000, 0x00000000e0000000)
  object space 77312K, 46% used [0x00000000a0000000,0x00000000a22d4d50,0x00000000a4b80000)
 Metaspace       used 56692K, capacity 58960K, committed 59136K, reserved 1099776K
  class space    used 7687K, capacity 8180K, committed 8192K, reserved 1048576K
Event: 16.514 GC heap after
Heap after GC invocations=12 (full 3):
 PSYoungGen      total 310784K, used 0K [0x00000000e0000000, 0x00000000fa300000, 0x0000000100000000)
  eden space 283136K, 0% used [0x00000000e0000000,0x00000000e0000000,0x00000000f1480000)
  from space 27648K, 0% used [0x00000000f1480000,0x00000000f1480000,0x00000000f2f80000)
  to   space 31232K, 0% used [0x00000000f8480000,0x00000000f8480000,0x00000000fa300000)
 ParOldGen       total 128512K, used 48158K [0x00000000a0000000, 0x00000000a7d80000, 0x00000000e0000000)
  object space 128512K, 37% used [0x00000000a0000000,0x00000000a2f07b88,0x00000000a7d80000)
 Metaspace       used 56692K, capacity 58960K, committed 59136K, reserved 1099776K
  class space    used 7687K, capacity 8180K, committed 8192K, reserved 1048576K
}
Event: 500.335 GC heap before
{Heap before GC invocations=13 (full 3):
 PSYoungGen      total 310784K, used 283136K [0x00000000e0000000, 0x00000000fa300000, 0x0000000100000000)
  eden space 283136K, 100% used [0x00000000e0000000,0x00000000f1480000,0x00000000f1480000)
  from space 27648K, 0% used [0x00000000f1480000,0x00000000f1480000,0x00000000f2f80000)
  to   space 31232K, 0% used [0x00000000f8480000,0x00000000f8480000,0x00000000fa300000)
 ParOldGen       total 128512K, used 48158K [0x00000000a0000000, 0x00000000a7d80000, 0x00000000e0000000)
  object space 128512K, 37% used [0x00000000a0000000,0x00000000a2f07b88,0x00000000a7d80000)
 Metaspace       used 66619K, capacity 69308K, committed 69632K, reserved 1110016K
  class space    used 8816K, capacity 9349K, committed 9472K, reserved 1048576K
Event: 500.355 GC heap after
Heap after GC invocations=13 (full 3):
 PSYoungGen      total 380416K, used 31225K [0x00000000e0000000, 0x00000000fa300000, 0x0000000100000000)
  eden space 349184K, 0% used [0x00000000e0000000,0x00000000e0000000,0x00000000f5500000)
  from space 31232K, 99% used [0x00000000f8480000,0x00000000fa2fe6c0,0x00000000fa300000)
  to   space 37376K, 0% used [0x00000000f5a00000,0x00000000f5a00000,0x00000000f7e80000)
 ParOldGen       total 128512K, used 52446K [0x00000000a0000000, 0x00000000a7d80000, 0x00000000e0000000)
  object space 128512K, 40% used [0x00000000a0000000,0x00000000a33379e0,0x00000000a7d80000)
 Metaspace       used 66619K, capacity 69308K, committed 69632K, reserved 1110016K
  class space    used 8816K, capacity 9349K, committed 9472K, reserved 1048576K
}

Deoptimization events (10 events):
Event: 1061.097 Thread 0x000000001a365000 Uncommon trap: reason=unstable_if action=reinterpret pc=0x0000000004c62890 method=com.sun.tools.javac.util.BaseFileManager.getKind(Ljava/lang/String;)Ljavax/tools/JavaFileObject$Kind; @ 10
Event: 1061.548 Thread 0x000000001a365000 Uncommon trap: reason=unstable_if action=reinterpret pc=0x0000000004025fe0 method=java.lang.StringCoding$StringDecoder.decode([BII)[C @ 20
Event: 1061.618 Thread 0x000000001a365000 Uncommon trap: reason=unstable_if action=reinterpret pc=0x0000000005495270 method=com.sun.tools.javac.parser.UnicodeReader.scanCommentChar()V @ 10
Event: 1061.653 Thread 0x000000001a365000 Uncommon trap: reason=speculate_class_check action=maybe_recompile pc=0x0000000005448ca0 method=com.sun.tools.javac.code.Scope.enter(Lcom/sun/tools/javac/code/Symbol;Lcom/sun/tools/javac/code/Scope;)V @ 5
Event: 1061.654 Thread 0x000000001a365000 Uncommon trap: reason=speculate_class_check action=maybe_recompile pc=0x0000000005448ca0 method=com.sun.tools.javac.code.Scope.enter(Lcom/sun/tools/javac/code/Symbol;Lcom/sun/tools/javac/code/Scope;)V @ 5
Event: 1061.654 Thread 0x000000001a365000 Uncommon trap: reason=speculate_class_check action=maybe_recompile pc=0x0000000005448ca0 method=com.sun.tools.javac.code.Scope.enter(Lcom/sun/tools/javac/code/Symbol;Lcom/sun/tools/javac/code/Scope;)V @ 5
Event: 1061.654 Thread 0x000000001a365000 Uncommon trap: reason=speculate_class_check action=maybe_recompile pc=0x0000000005448ca0 method=com.sun.tools.javac.code.Scope.enter(Lcom/sun/tools/javac/code/Symbol;Lcom/sun/tools/javac/code/Scope;)V @ 5
Event: 1061.704 Thread 0x000000001a365000 Uncommon trap: reason=unloaded action=reinterpret pc=0x0000000004c01cf4 method=com.sun.tools.javac.jvm.ClassReader.readPool(I)Ljava/lang/Object; @ 390
Event: 1061.749 Thread 0x000000001a365000 Uncommon trap: reason=unstable_if action=reinterpret pc=0x0000000004d39bb0 method=com.sun.tools.javac.code.Types.rank(Lcom/sun/tools/javac/code/Type;)I @ 88
Event: 1061.765 Thread 0x000000001a365000 Uncommon trap: reason=unstable_if action=reinterpret pc=0x000000000552456c method=com.sun.tools.javac.comp.MemberEnter.initEnv(Lcom/sun/tools/javac/tree/JCTree$JCVariableDecl;Lcom/sun/tools/javac/comp/Env;)Lcom/sun/tools/javac/comp/Env; @ 34

Internal exceptions (10 events):
Event: 498.767 Thread 0x000000001d2e2000 Implicit null exception at 0x00000000040fb9bf to 0x00000000040fc7ed
Event: 499.455 Thread 0x000000001d2e3800 Exception <a 'java/lang/NoSuchMethodError': <clinit>> (0x00000000ec01bf98) thrown at [C:\src\android\AOSP-openjdk\external\jetbrains\jdk\hotspot\src\share\vm\prims\jni.cpp, line 1613]
Event: 500.014 Thread 0x000000001a368000 Implicit null exception at 0x0000000004fa7ab2 to 0x0000000004fa9029
Event: 500.604 Thread 0x000000001d2e2000 Implicit null exception at 0x0000000003fba686 to 0x0000000003fba96d
Event: 501.605 Thread 0x000000001d2e2000 Exception <a 'sun/nio/fs/WindowsException'> (0x00000000e4baaa88) thrown at [C:\src\android\AOSP-openjdk\external\jetbrains\jdk\hotspot\src\share\vm\prims\jni.cpp, line 709]
Event: 1057.386 Thread 0x000000001a365000 Exception <a 'java/lang/ClassNotFoundException': asLocalRepo1337_eztpny38phrtu1vk0pbf3jwdpBeanInfo> (0x00000000e5a9d0c8) thrown at [C:\src\android\AOSP-openjdk\external\jetbrains\jdk\hotspot\src\share\vm\classfile\systemDictionary.cpp, line 210]
Event: 1057.386 Thread 0x000000001a365000 Exception <a 'java/lang/ClassNotFoundException': asLocalRepo1337_eztpny38phrtu1vk0pbf3jwdpCustomizer> (0x00000000e5aa87b8) thrown at [C:\src\android\AOSP-openjdk\external\jetbrains\jdk\hotspot\src\share\vm\classfile\systemDictionary.cpp, line 210]
Event: 1058.485 Thread 0x000000001a365000 Implicit null exception at 0x00000000035283aa to 0x0000000003529791
Event: 1058.485 Thread 0x000000001a365000 Implicit null exception at 0x0000000003a5431a to 0x0000000003a5436d
Event: 1058.564 Thread 0x000000001a365000 Implicit null exception at 0x000000000339adbc to 0x000000000339b351

Events (10 events):
Event: 1061.726 loading class com/sun/tools/javac/code/Symbol$VarSymbol$2
Event: 1061.726 loading class com/sun/tools/javac/code/Symbol$VarSymbol$2 done
Event: 1061.749 Thread 0x000000001a365000 Uncommon trap: trap_request=0xffffff65 fr.pc=0x0000000004d39bb0
Event: 1061.749 Thread 0x000000001a365000 DEOPT PACKING pc=0x0000000004d39bb0 sp=0x0000000027e8b3f0
Event: 1061.749 Thread 0x000000001a365000 DEOPT UNPACKING pc=0x000000000318556a sp=0x0000000027e8b3b0 mode 2
Event: 1061.765 Thread 0x000000001a365000 Uncommon trap: trap_request=0xffffff65 fr.pc=0x000000000552456c
Event: 1061.765 Thread 0x000000001a365000 DEOPT PACKING pc=0x000000000552456c sp=0x0000000027e8aff0
Event: 1061.765 Thread 0x000000001a365000 DEOPT UNPACKING pc=0x000000000318556a sp=0x0000000027e8aff8 mode 2
Event: 1061.783 Executing VM operation: ForceSafepoint
Event: 1061.784 Executing VM operation: ForceSafepoint done


Dynamic libraries:
0x00007ff755930000 - 0x00007ff755961000 	C:\Program Files\Android\Android Studio\jre\bin\java.exe
0x00007ffbfea30000 - 0x00007ffbfec0b000 	C:\WINDOWS\SYSTEM32\ntdll.dll
0x00007ffbfc7d0000 - 0x00007ffbfc87e000 	C:\WINDOWS\System32\KERNEL32.DLL
0x00007ffbfb750000 - 0x00007ffbfb999000 	C:\WINDOWS\System32\KERNELBASE.dll
0x00007ffbfcb90000 - 0x00007ffbfcc31000 	C:\WINDOWS\System32\ADVAPI32.dll
0x00007ffbfc180000 - 0x00007ffbfc21d000 	C:\WINDOWS\System32\msvcrt.dll
0x00007ffbfd080000 - 0x00007ffbfd0d9000 	C:\WINDOWS\System32\sechost.dll
0x00007ffbfc3f0000 - 0x00007ffbfc515000 	C:\WINDOWS\System32\RPCRT4.dll
0x00007ffbfd0f0000 - 0x00007ffbfd23a000 	C:\WINDOWS\System32\USER32.dll
0x00007ffbfb9a0000 - 0x00007ffbfb9be000 	C:\WINDOWS\System32\win32u.dll
0x00007ffbfc880000 - 0x00007ffbfc8a7000 	C:\WINDOWS\System32\GDI32.dll
0x00007ffbfba10000 - 0x00007ffbfbb98000 	C:\WINDOWS\System32\gdi32full.dll
0x00007ffbfbe80000 - 0x00007ffbfbf1a000 	C:\WINDOWS\System32\msvcp_win.dll
0x00007ffbfaf50000 - 0x00007ffbfb046000 	C:\WINDOWS\System32\ucrtbase.dll
0x00007ffbf5440000 - 0x00007ffbf56a7000 	C:\WINDOWS\WinSxS\amd64_microsoft.windows.common-controls_6595b64144ccf1df_6.0.15063.483_none_26002d27e7c744a2\COMCTL32.dll
0x00007ffbfd240000 - 0x00007ffbfd539000 	C:\WINDOWS\System32\combase.dll
0x00007ffbfbf20000 - 0x00007ffbfbf8a000 	C:\WINDOWS\System32\bcryptPrimitives.dll
0x00007ffbfc8b0000 - 0x00007ffbfc8dd000 	C:\WINDOWS\System32\IMM32.DLL
0x000000005c0a0000 - 0x000000005c172000 	C:\Program Files\Android\Android Studio\jre\jre\bin\msvcr100.dll
0x000000005c180000 - 0x000000005c9bc000 	C:\Program Files\Android\Android Studio\jre\jre\bin\server\jvm.dll
0x00007ffbfd0e0000 - 0x00007ffbfd0e8000 	C:\WINDOWS\System32\PSAPI.DLL
0x00007ffbecc50000 - 0x00007ffbecc59000 	C:\WINDOWS\SYSTEM32\WSOCK32.dll
0x00007ffbf9280000 - 0x00007ffbf92a3000 	C:\WINDOWS\SYSTEM32\WINMM.dll
0x00007ffbf13f0000 - 0x00007ffbf13fa000 	C:\WINDOWS\SYSTEM32\VERSION.dll
0x00007ffbfc740000 - 0x00007ffbfc7ac000 	C:\WINDOWS\System32\WS2_32.dll
0x00007ffbf8f90000 - 0x00007ffbf8fbb000 	C:\WINDOWS\SYSTEM32\WINMMBASE.dll
0x00007ffbfb9c0000 - 0x00007ffbfba09000 	C:\WINDOWS\System32\cfgmgr32.dll
0x00007ffbf7d80000 - 0x00007ffbf7d8f000 	C:\Program Files\Android\Android Studio\jre\jre\bin\verify.dll
0x00007ffbf5b00000 - 0x00007ffbf5b29000 	C:\Program Files\Android\Android Studio\jre\jre\bin\java.dll
0x00007ffbf5ae0000 - 0x00007ffbf5af6000 	C:\Program Files\Android\Android Studio\jre\jre\bin\zip.dll
0x00007ffbfd540000 - 0x00007ffbfe977000 	C:\WINDOWS\System32\SHELL32.dll
0x00007ffbfe980000 - 0x00007ffbfea2a000 	C:\WINDOWS\System32\shcore.dll
0x00007ffbfb050000 - 0x00007ffbfb743000 	C:\WINDOWS\System32\windows.storage.dll
0x00007ffbfc220000 - 0x00007ffbfc271000 	C:\WINDOWS\System32\shlwapi.dll
0x00007ffbfaf30000 - 0x00007ffbfaf41000 	C:\WINDOWS\System32\kernel.appcore.dll
0x00007ffbfaec0000 - 0x00007ffbfaf0c000 	C:\WINDOWS\System32\powrprof.dll
0x00007ffbfaea0000 - 0x00007ffbfaeb5000 	C:\WINDOWS\System32\profapi.dll
0x00007ffbf5ac0000 - 0x00007ffbf5ada000 	C:\Program Files\Android\Android Studio\jre\jre\bin\net.dll
0x00007ffbfa750000 - 0x00007ffbfa7ac000 	C:\WINDOWS\system32\mswsock.dll
0x00007ffbf5810000 - 0x00007ffbf5821000 	C:\Program Files\Android\Android Studio\jre\jre\bin\nio.dll
0x00007ffbf1330000 - 0x00007ffbf134e000 	C:\Users\Desenvolvimento\.gradle\native\23\windows-amd64\native-platform.dll
0x00007ffbfa8f0000 - 0x00007ffbfa907000 	C:\WINDOWS\SYSTEM32\CRYPTSP.dll
0x00007ffbfa370000 - 0x00007ffbfa3a4000 	C:\WINDOWS\system32\rsaenh.dll
0x00007ffbfad70000 - 0x00007ffbfad95000 	C:\WINDOWS\SYSTEM32\bcrypt.dll
0x00007ffbfadd0000 - 0x00007ffbfadf9000 	C:\WINDOWS\SYSTEM32\USERENV.dll
0x00007ffbfa910000 - 0x00007ffbfa91b000 	C:\WINDOWS\SYSTEM32\CRYPTBASE.dll
0x00007ffbfa4f0000 - 0x00007ffbfa527000 	C:\WINDOWS\SYSTEM32\IPHLPAPI.DLL
0x00007ffbfc340000 - 0x00007ffbfc348000 	C:\WINDOWS\System32\NSI.dll
0x00007ffbf6380000 - 0x00007ffbf6396000 	C:\WINDOWS\SYSTEM32\dhcpcsvc6.DLL
0x00007ffbf6970000 - 0x00007ffbf698a000 	C:\WINDOWS\SYSTEM32\dhcpcsvc.DLL
0x00007ffbf7d50000 - 0x00007ffbf7d5d000 	C:\Program Files\Android\Android Studio\jre\jre\bin\management.dll
0x00007ffbf57a0000 - 0x00007ffbf57c4000 	C:\Program Files\Android\Android Studio\jre\jre\bin\sunec.dll
0x00007ffbf5790000 - 0x00007ffbf579b000 	C:\Program Files\Android\Android Studio\jre\jre\bin\sunmscapi.dll
0x00007ffbfbba0000 - 0x00007ffbfbd69000 	C:\WINDOWS\System32\CRYPT32.dll
0x00007ffbfaf10000 - 0x00007ffbfaf21000 	C:\WINDOWS\System32\MSASN1.dll

VM Arguments:
jvm_args: -Xmx1536m -Dfile.encoding=windows-1252 -Duser.country=BR -Duser.language=pt -Duser.variant 
java_command: org.gradle.launcher.daemon.bootstrap.GradleDaemon 3.3
java_class_path (initial): C:\Users\Desenvolvimento\.gradle\wrapper\dists\gradle-3.3-all\55gk2rcmfc6p2dg9u9ohc3hw9\gradle-3.3\lib\gradle-launcher-3.3.jar
Launcher Type: SUN_STANDARD

Environment Variables:
PATH=C:\WINDOWS\system32;C:\WINDOWS;C:\WINDOWS\System32\Wbem;C:\WINDOWS\System32\WindowsPowerShell\v1.0\;C:\Program Files\Git\cmd;C:\Program Files (x86)\Yarn\bin;C:\Program Files (x86)\Skype\Phone\;C:\Program Files\nodejs\;C:\Users\Desenvolvimento\AppData\Local\Microsoft\WindowsApps;C:\Program Files (x86)\Microsoft VS Code\bin;C:\Users\Desenvolvimento\AppData\Local\Yarn\bin;C:\Users\Desenvolvimento\AppData\Roaming\npm
USERNAME=Desenvolvimento
OS=Windows_NT
PROCESSOR_IDENTIFIER=Intel64 Family 6 Model 58 Stepping 9, GenuineIntel



---------------  S Y S T E M  ---------------

OS: Windows 10.0 , 64 bit Build 15063 (10.0.15063.296)

CPU:total 8 (4 cores per cpu, 2 threads per core) family 6 model 58 stepping 9, cmov, cx8, fxsr, mmx, sse, sse2, sse3, ssse3, sse4.1, sse4.2, popcnt, avx, aes, clmul, erms, ht, tsc, tscinvbit, tscinv

Memory: 4k page, physical 7291480k(504724k free), swap 7291480k(3196k free)

vm_info: OpenJDK 64-Bit Server VM (25.112-b06) for windows-amd64 JRE (1.8.0_112-release-b06), built on Dec  8 2016 00:54:26 by "builder" with MS VC++ 10.0 (VS2010)

time: Sun Aug 27 01:12:38 2017
elapsed time: 1062 seconds (0d 0h 17m 42s)

